"2022-07-10 18:54:39 [main] INFO  c.c.d.controller.StockControllerTest - Starting StockControllerTest using Java 18.0.1.1 on DESKTOP-CKEOMJT with PID 1492 (started by AshirwadComp in F:\Portfolio_Management_System\DailySharePrice)
""2022-07-10 18:54:39 [main] INFO  c.c.d.controller.StockControllerTest - No active profile set, falling back to 1 default profile: "default"
""2022-07-10 18:54:45 [main] INFO  o.s.b.t.m.w.SpringBootMockServletContext - Initializing Spring TestDispatcherServlet ''
""2022-07-10 18:54:45 [main] INFO  o.s.t.w.s.TestDispatcherServlet - Initializing Servlet ''
""2022-07-10 18:54:45 [main] INFO  o.s.t.w.s.TestDispatcherServlet - Completed initialization in 4 ms
""2022-07-10 18:54:46 [main] INFO  c.c.d.controller.StockControllerTest - Started StockControllerTest in 7.264 seconds (JVM running for 9.624)
""2022-07-10 18:54:46 [main] INFO  c.c.d.controller.StockController - fetching Stock Details using stockName
""2022-07-10 18:54:46 [main] INFO  o.s.b.t.c.SpringBootTestContextBootstrapper - Neither @ContextConfiguration nor @ContextHierarchy found for test class [com.cts.dailyshareprice.DailySharePriceApplicationTests], using SpringBootContextLoader
""2022-07-10 18:54:46 [main] INFO  o.s.t.c.s.AbstractContextLoader - Could not detect default resource locations for test class [com.cts.dailyshareprice.DailySharePriceApplicationTests]: no resource found for suffixes {-context.xml, Context.groovy}.
""2022-07-10 18:54:46 [main] INFO  o.s.t.c.s.AnnotationConfigContextLoaderUtils - Could not detect default configuration classes for test class [com.cts.dailyshareprice.DailySharePriceApplicationTests]: DailySharePriceApplicationTests does not declare any static, non-private, non-final, nested classes annotated with @Configuration.
""2022-07-10 18:54:46 [main] INFO  o.s.b.t.c.SpringBootTestContextBootstrapper - Found @SpringBootConfiguration com.cts.dailyshareprice.DailySharePriceApplication for test class com.cts.dailyshareprice.DailySharePriceApplicationTests
""2022-07-10 18:54:46 [main] INFO  o.s.b.t.c.SpringBootTestContextBootstrapper - Loaded default TestExecutionListener class names from location [META-INF/spring.factories]: [org.springframework.boot.test.mock.mockito.MockitoTestExecutionListener, org.springframework.boot.test.mock.mockito.ResetMocksTestExecutionListener, org.springframework.boot.test.autoconfigure.restdocs.RestDocsTestExecutionListener, org.springframework.boot.test.autoconfigure.web.client.MockRestServiceServerResetTestExecutionListener, org.springframework.boot.test.autoconfigure.web.servlet.MockMvcPrintOnlyOnFailureTestExecutionListener, org.springframework.boot.test.autoconfigure.web.servlet.WebDriverTestExecutionListener, org.springframework.boot.test.autoconfigure.webservices.client.MockWebServiceServerTestExecutionListener, org.springframework.test.context.web.ServletTestExecutionListener, org.springframework.test.context.support.DirtiesContextBeforeModesTestExecutionListener, org.springframework.test.context.event.ApplicationEventsTestExecutionListener, org.springframework.test.context.support.DependencyInjectionTestExecutionListener, org.springframework.test.context.support.DirtiesContextTestExecutionListener, org.springframework.test.context.transaction.TransactionalTestExecutionListener, org.springframework.test.context.jdbc.SqlScriptsTestExecutionListener, org.springframework.test.context.event.EventPublishingTestExecutionListener]
""2022-07-10 18:54:46 [main] INFO  o.s.b.t.c.SpringBootTestContextBootstrapper - Using TestExecutionListeners: [org.springframework.test.context.web.ServletTestExecutionListener@2110684a, org.springframework.test.context.support.DirtiesContextBeforeModesTestExecutionListener@83e635f, org.springframework.test.context.event.ApplicationEventsTestExecutionListener@61d011e, org.springframework.boot.test.mock.mockito.MockitoTestExecutionListener@3b56947a, org.springframework.boot.test.autoconfigure.SpringBootDependencyInjectionTestExecutionListener@1926f962, org.springframework.test.context.support.DirtiesContextTestExecutionListener@62794582, org.springframework.test.context.transaction.TransactionalTestExecutionListener@c82ad22, org.springframework.test.context.jdbc.SqlScriptsTestExecutionListener@3f80d8c, org.springframework.test.context.event.EventPublishingTestExecutionListener@2d3b0978, org.springframework.boot.test.mock.mockito.ResetMocksTestExecutionListener@5c60c08, org.springframework.boot.test.autoconfigure.restdocs.RestDocsTestExecutionListener@1cb44a2f, org.springframework.boot.test.autoconfigure.web.client.MockRestServiceServerResetTestExecutionListener@5fe3b058, org.springframework.boot.test.autoconfigure.web.servlet.MockMvcPrintOnlyOnFailureTestExecutionListener@2a661215, org.springframework.boot.test.autoconfigure.web.servlet.WebDriverTestExecutionListener@1f75fd1d, org.springframework.boot.test.autoconfigure.webservices.client.MockWebServiceServerTestExecutionListener@212e39ee]
""2022-07-10 18:54:46 [main] INFO  c.c.d.DailySharePriceApplicationTests - Starting DailySharePriceApplicationTests using Java 18.0.1.1 on DESKTOP-CKEOMJT with PID 1492 (started by AshirwadComp in F:\Portfolio_Management_System\DailySharePrice)
""2022-07-10 18:54:46 [main] INFO  c.c.d.DailySharePriceApplicationTests - No active profile set, falling back to 1 default profile: "default"
""2022-07-10 18:54:47 [main] INFO  o.s.d.r.c.RepositoryConfigurationDelegate - Bootstrapping Spring Data JPA repositories in DEFAULT mode.
""2022-07-10 18:54:48 [main] INFO  o.s.d.r.c.RepositoryConfigurationDelegate - Finished Spring Data repository scanning in 72 ms. Found 1 JPA repository interfaces.
""2022-07-10 18:54:48 [main] INFO  o.s.cloud.context.scope.GenericScope - BeanFactory id=109bdc88-ebfb-360d-be19-7e3371642d53
""2022-07-10 18:54:49 [main] INFO  com.zaxxer.hikari.HikariDataSource - HikariPool-1 - Starting...
""2022-07-10 18:54:49 [main] INFO  com.zaxxer.hikari.HikariDataSource - HikariPool-1 - Start completed.
""2022-07-10 18:54:49 [main] INFO  o.h.jpa.internal.util.LogHelper - HHH000204: Processing PersistenceUnitInfo [name: default]
""2022-07-10 18:54:50 [main] INFO  org.hibernate.Version - HHH000412: Hibernate ORM core version 5.6.5.Final
""2022-07-10 18:54:50 [main] INFO  o.h.annotations.common.Version - HCANN000001: Hibernate Commons Annotations {5.1.2.Final}
""2022-07-10 18:54:50 [main] INFO  org.hibernate.dialect.Dialect - HHH000400: Using dialect: org.hibernate.dialect.H2Dialect
""2022-07-10 18:54:51 [main] INFO  o.h.e.t.j.p.i.JtaPlatformInitiator - HHH000490: Using JtaPlatform implementation: [org.hibernate.engine.transaction.jta.platform.internal.NoJtaPlatform]
""2022-07-10 18:54:51 [main] INFO  o.s.o.j.LocalContainerEntityManagerFactoryBean - Initialized JPA EntityManagerFactory for persistence unit 'default'
""2022-07-10 18:54:52 [main] WARN  o.s.b.a.o.j.JpaBaseConfiguration$JpaWebConfiguration - spring.jpa.open-in-view is enabled by default. Therefore, database queries may be performed during view rendering. Explicitly configure spring.jpa.open-in-view to disable this warning
""2022-07-10 18:54:52 [main] INFO  o.s.b.a.h.H2ConsoleAutoConfiguration - H2 console available at '/h2-console'. Database available at 'jdbc:h2:mem:pms'
""2022-07-10 18:54:54 [main] INFO  c.c.d.DailySharePriceApplicationTests - Started DailySharePriceApplicationTests in 8.151 seconds (JVM running for 18.154)
""2022-07-10 18:54:54 [main] INFO  o.s.b.t.c.SpringBootTestContextBootstrapper - Neither @ContextConfiguration nor @ContextHierarchy found for test class [com.cts.dailyshareprice.model.StockTest], using SpringBootContextLoader
""2022-07-10 18:54:54 [main] INFO  o.s.t.c.s.AbstractContextLoader - Could not detect default resource locations for test class [com.cts.dailyshareprice.model.StockTest]: no resource found for suffixes {-context.xml, Context.groovy}.
""2022-07-10 18:54:54 [main] INFO  o.s.t.c.s.AnnotationConfigContextLoaderUtils - Could not detect default configuration classes for test class [com.cts.dailyshareprice.model.StockTest]: StockTest does not declare any static, non-private, non-final, nested classes annotated with @Configuration.
""2022-07-10 18:54:54 [main] INFO  o.s.b.t.c.SpringBootTestContextBootstrapper - Found @SpringBootConfiguration com.cts.dailyshareprice.DailySharePriceApplication for test class com.cts.dailyshareprice.model.StockTest
""2022-07-10 18:54:54 [main] INFO  o.s.b.t.c.SpringBootTestContextBootstrapper - Loaded default TestExecutionListener class names from location [META-INF/spring.factories]: [org.springframework.boot.test.mock.mockito.MockitoTestExecutionListener, org.springframework.boot.test.mock.mockito.ResetMocksTestExecutionListener, org.springframework.boot.test.autoconfigure.restdocs.RestDocsTestExecutionListener, org.springframework.boot.test.autoconfigure.web.client.MockRestServiceServerResetTestExecutionListener, org.springframework.boot.test.autoconfigure.web.servlet.MockMvcPrintOnlyOnFailureTestExecutionListener, org.springframework.boot.test.autoconfigure.web.servlet.WebDriverTestExecutionListener, org.springframework.boot.test.autoconfigure.webservices.client.MockWebServiceServerTestExecutionListener, org.springframework.test.context.web.ServletTestExecutionListener, org.springframework.test.context.support.DirtiesContextBeforeModesTestExecutionListener, org.springframework.test.context.event.ApplicationEventsTestExecutionListener, org.springframework.test.context.support.DependencyInjectionTestExecutionListener, org.springframework.test.context.support.DirtiesContextTestExecutionListener, org.springframework.test.context.transaction.TransactionalTestExecutionListener, org.springframework.test.context.jdbc.SqlScriptsTestExecutionListener, org.springframework.test.context.event.EventPublishingTestExecutionListener]
""2022-07-10 18:54:54 [main] INFO  o.s.b.t.c.SpringBootTestContextBootstrapper - Using TestExecutionListeners: [org.springframework.test.context.web.ServletTestExecutionListener@6a6a60f3, org.springframework.test.context.support.DirtiesContextBeforeModesTestExecutionListener@2d9cc10, org.springframework.test.context.event.ApplicationEventsTestExecutionListener@3bc82aa3, org.springframework.boot.test.mock.mockito.MockitoTestExecutionListener@38769b6c, org.springframework.boot.test.autoconfigure.SpringBootDependencyInjectionTestExecutionListener@1220969, org.springframework.test.context.support.DirtiesContextTestExecutionListener@4d57fc11, org.springframework.test.context.transaction.TransactionalTestExecutionListener@37b04a2a, org.springframework.test.context.jdbc.SqlScriptsTestExecutionListener@3b910a4b, org.springframework.test.context.event.EventPublishingTestExecutionListener@2ae92511, org.springframework.boot.test.mock.mockito.ResetMocksTestExecutionListener@582ce329, org.springframework.boot.test.autoconfigure.restdocs.RestDocsTestExecutionListener@6df8131c, org.springframework.boot.test.autoconfigure.web.client.MockRestServiceServerResetTestExecutionListener@5e888fba, org.springframework.boot.test.autoconfigure.web.servlet.MockMvcPrintOnlyOnFailureTestExecutionListener@3d2af8d7, org.springframework.boot.test.autoconfigure.web.servlet.WebDriverTestExecutionListener@22071f0, org.springframework.boot.test.autoconfigure.webservices.client.MockWebServiceServerTestExecutionListener@2fedf25b]
""2022-07-10 18:54:54 [main] INFO  o.s.b.t.c.SpringBootTestContextBootstrapper - Neither @ContextConfiguration nor @ContextHierarchy found for test class [com.cts.dailyshareprice.service.StockServiceTest], using SpringBootContextLoader
""2022-07-10 18:54:54 [main] INFO  o.s.t.c.s.AbstractContextLoader - Could not detect default resource locations for test class [com.cts.dailyshareprice.service.StockServiceTest]: no resource found for suffixes {-context.xml, Context.groovy}.
""2022-07-10 18:54:54 [main] INFO  o.s.t.c.s.AnnotationConfigContextLoaderUtils - Could not detect default configuration classes for test class [com.cts.dailyshareprice.service.StockServiceTest]: StockServiceTest does not declare any static, non-private, non-final, nested classes annotated with @Configuration.
""2022-07-10 18:54:54 [main] INFO  o.s.b.t.c.SpringBootTestContextBootstrapper - Found @SpringBootConfiguration com.cts.dailyshareprice.DailySharePriceApplication for test class com.cts.dailyshareprice.service.StockServiceTest
""2022-07-10 18:54:54 [main] INFO  o.s.b.t.c.SpringBootTestContextBootstrapper - Loaded default TestExecutionListener class names from location [META-INF/spring.factories]: [org.springframework.boot.test.mock.mockito.MockitoTestExecutionListener, org.springframework.boot.test.mock.mockito.ResetMocksTestExecutionListener, org.springframework.boot.test.autoconfigure.restdocs.RestDocsTestExecutionListener, org.springframework.boot.test.autoconfigure.web.client.MockRestServiceServerResetTestExecutionListener, org.springframework.boot.test.autoconfigure.web.servlet.MockMvcPrintOnlyOnFailureTestExecutionListener, org.springframework.boot.test.autoconfigure.web.servlet.WebDriverTestExecutionListener, org.springframework.boot.test.autoconfigure.webservices.client.MockWebServiceServerTestExecutionListener, org.springframework.test.context.web.ServletTestExecutionListener, org.springframework.test.context.support.DirtiesContextBeforeModesTestExecutionListener, org.springframework.test.context.event.ApplicationEventsTestExecutionListener, org.springframework.test.context.support.DependencyInjectionTestExecutionListener, org.springframework.test.context.support.DirtiesContextTestExecutionListener, org.springframework.test.context.transaction.TransactionalTestExecutionListener, org.springframework.test.context.jdbc.SqlScriptsTestExecutionListener, org.springframework.test.context.event.EventPublishingTestExecutionListener]
""2022-07-10 18:54:54 [main] INFO  o.s.b.t.c.SpringBootTestContextBootstrapper - Using TestExecutionListeners: [org.springframework.test.context.web.ServletTestExecutionListener@582b6362, org.springframework.test.context.support.DirtiesContextBeforeModesTestExecutionListener@70376c6, org.springframework.test.context.event.ApplicationEventsTestExecutionListener@2e89310c, org.springframework.boot.test.mock.mockito.MockitoTestExecutionListener@55c75b72, org.springframework.boot.test.autoconfigure.SpringBootDependencyInjectionTestExecutionListener@567412db, org.springframework.test.context.support.DirtiesContextTestExecutionListener@4addfb95, org.springframework.test.context.transaction.TransactionalTestExecutionListener@2d3bb293, org.springframework.test.context.jdbc.SqlScriptsTestExecutionListener@4248608d, org.springframework.test.context.event.EventPublishingTestExecutionListener@34dc40d5, org.springframework.boot.test.mock.mockito.ResetMocksTestExecutionListener@11f81488, org.springframework.boot.test.autoconfigure.restdocs.RestDocsTestExecutionListener@61a7930e, org.springframework.boot.test.autoconfigure.web.client.MockRestServiceServerResetTestExecutionListener@60eacbbf, org.springframework.boot.test.autoconfigure.web.servlet.MockMvcPrintOnlyOnFailureTestExecutionListener@36e6e59f, org.springframework.boot.test.autoconfigure.web.servlet.WebDriverTestExecutionListener@676beb9f, org.springframework.boot.test.autoconfigure.webservices.client.MockWebServiceServerTestExecutionListener@3a892b9f]
""2022-07-10 18:54:55 [main] INFO  c.c.d.service.StockServiceTest - Starting StockServiceTest using Java 18.0.1.1 on DESKTOP-CKEOMJT with PID 1492 (started by AshirwadComp in F:\Portfolio_Management_System\DailySharePrice)
""2022-07-10 18:54:55 [main] INFO  c.c.d.service.StockServiceTest - No active profile set, falling back to 1 default profile: "default"
""2022-07-10 18:54:55 [main] INFO  o.s.d.r.c.RepositoryConfigurationDelegate - Bootstrapping Spring Data JPA repositories in DEFAULT mode.
""2022-07-10 18:54:55 [main] INFO  o.s.d.r.c.RepositoryConfigurationDelegate - Finished Spring Data repository scanning in 15 ms. Found 1 JPA repository interfaces.
""2022-07-10 18:54:55 [main] INFO  o.s.cloud.context.scope.GenericScope - BeanFactory id=109bdc88-ebfb-360d-be19-7e3371642d53
""2022-07-10 18:54:56 [main] INFO  com.zaxxer.hikari.HikariDataSource - HikariPool-2 - Starting...
""2022-07-10 18:54:56 [main] INFO  com.zaxxer.hikari.HikariDataSource - HikariPool-2 - Start completed.
""2022-07-10 18:54:56 [main] INFO  o.h.jpa.internal.util.LogHelper - HHH000204: Processing PersistenceUnitInfo [name: default]
""2022-07-10 18:54:56 [main] INFO  org.hibernate.dialect.Dialect - HHH000400: Using dialect: org.hibernate.dialect.H2Dialect
""2022-07-10 18:54:56 [main] INFO  o.h.e.t.j.p.i.JtaPlatformInitiator - HHH000490: Using JtaPlatform implementation: [org.hibernate.engine.transaction.jta.platform.internal.NoJtaPlatform]
""2022-07-10 18:54:56 [main] INFO  o.s.o.j.LocalContainerEntityManagerFactoryBean - Initialized JPA EntityManagerFactory for persistence unit 'default'
""2022-07-10 18:54:56 [main] WARN  o.s.b.a.o.j.JpaBaseConfiguration$JpaWebConfiguration - spring.jpa.open-in-view is enabled by default. Therefore, database queries may be performed during view rendering. Explicitly configure spring.jpa.open-in-view to disable this warning
""2022-07-10 18:54:56 [main] INFO  o.s.b.a.h.H2ConsoleAutoConfiguration - H2 console available at '/h2-console'. Database available at 'jdbc:h2:mem:pms'
""2022-07-10 18:54:58 [main] INFO  c.c.d.service.StockServiceTest - Started StockServiceTest in 3.472 seconds (JVM running for 21.934)
""2022-07-10 18:54:58 [SpringApplicationShutdownHook] INFO  o.s.o.j.LocalContainerEntityManagerFactoryBean - Closing JPA EntityManagerFactory for persistence unit 'default'
""2022-07-10 18:54:58 [SpringApplicationShutdownHook] INFO  com.zaxxer.hikari.HikariDataSource - HikariPool-1 - Shutdown initiated...
""2022-07-10 18:54:58 [SpringApplicationShutdownHook] INFO  com.zaxxer.hikari.HikariDataSource - HikariPool-1 - Shutdown completed.
""2022-07-10 18:54:58 [SpringApplicationShutdownHook] INFO  o.s.o.j.LocalContainerEntityManagerFactoryBean - Closing JPA EntityManagerFactory for persistence unit 'default'
""2022-07-10 18:54:58 [SpringApplicationShutdownHook] INFO  com.zaxxer.hikari.HikariDataSource - HikariPool-2 - Shutdown initiated...
""2022-07-10 18:54:58 [SpringApplicationShutdownHook] INFO  com.zaxxer.hikari.HikariDataSource - HikariPool-2 - Shutdown completed.
"